# JRE version: OpenJDK Runtime Environment Temurin-21.0.5+11 (21.0.5+11) (build 21.0.5+11-LTS)
# Java VM: OpenJDK 64-Bit Server VM Temurin-21.0.5+11 (21.0.5+11-LTS, mixed mode, sharing, tiered, compressed oops, compressed class ptrs, g1 gc, windows-amd64)
GC Precious Log:
 CardTable entry size: 512
 Card Set container configuration: InlinePtr #cards 4 size 8 Array Of Cards #cards 32 size 80 Howl #buckets 8 coarsen threshold 7372 Howl Bitmap #cards 1024 size 144 coarsen threshold 921 Card regions per heap region 1 cards per card region 8192
 CPUs: 12 total, 12 available
 Memory: 32719M
 Large Page Support: Disabled
 NUMA Support: Disabled
 Compressed Oops: Enabled (Zero based)
 Heap Region Size: 4M
 Heap Min Capacity: 8M
 Heap Initial Capacity: 512M
 Heap Max Capacity: 8180M
 Pre-touch: Disabled
 Parallel Workers: 10
 Concurrent Workers: 3
 Concurrent Refinement Workers: 10
 Periodic GC: Disabled
Heap:
 garbage-first heap   total 69632K, used 24000K [0x0000000600c00000, 0x0000000800000000)
  region size 4096K, 1 young (4096K), 0 survivors (0K)
 Metaspace       used 38614K, committed 38976K, reserved 1114112K
  class space    used 3896K, committed 4096K, reserved 1048576K
GC Heap History (20 events):
Event: 10.159 GC heap before
{Heap before GC invocations=8 (full 0):
 garbage-first heap   total 86016K, used 61571K [0x0000000600c00000, 0x0000000800000000)
  region size 4096K, 12 young (49152K), 2 survivors (8192K)
 Metaspace       used 35322K, committed 35712K, reserved 1114112K
  class space    used 3555K, committed 3712K, reserved 1048576K
}
Event: 10.161 GC heap after
{Heap after GC invocations=9 (full 0):
 garbage-first heap   total 86016K, used 19778K [0x0000000600c00000, 0x0000000800000000)
  region size 4096K, 1 young (4096K), 1 survivors (4096K)
 Metaspace       used 35322K, committed 35712K, reserved 1114112K
  class space    used 3555K, committed 3712K, reserved 1048576K
}
Event: 10.378 GC heap before
{Heap before GC invocations=9 (full 0):
 garbage-first heap   total 86016K, used 64834K [0x0000000600c00000, 0x0000000800000000)
  region size 4096K, 12 young (49152K), 1 survivors (4096K)
 Metaspace       used 35331K, committed 35712K, reserved 1114112K
  class space    used 3555K, committed 3712K, reserved 1048576K
}
Event: 10.381 GC heap after
{Heap after GC invocations=10 (full 0):
 garbage-first heap   total 86016K, used 20435K [0x0000000600c00000, 0x0000000800000000)
  region size 4096K, 2 young (8192K), 2 survivors (8192K)
 Metaspace       used 35331K, committed 35712K, reserved 1114112K
  class space    used 3555K, committed 3712K, reserved 1048576K
}
Event: 10.548 GC heap before
{Heap before GC invocations=10 (full 0):
 garbage-first heap   total 86016K, used 61395K [0x0000000600c00000, 0x0000000800000000)
  region size 4096K, 12 young (49152K), 2 survivors (8192K)
 Metaspace       used 35336K, committed 35712K, reserved 1114112K
  class space    used 3555K, committed 3712K, reserved 1048576K
}
Event: 10.551 GC heap after
{Heap after GC invocations=11 (full 0):
 garbage-first heap   total 86016K, used 20345K [0x0000000600c00000, 0x0000000800000000)
  region size 4096K, 2 young (8192K), 2 survivors (8192K)
 Metaspace       used 35336K, committed 35712K, reserved 1114112K
  class space    used 3555K, committed 3712K, reserved 1048576K
}
Event: 10.616 GC heap before
{Heap before GC invocations=11 (full 0):
 garbage-first heap   total 86016K, used 32633K [0x0000000600c00000, 0x0000000800000000)
  region size 4096K, 6 young (24576K), 2 survivors (8192K)
 Metaspace       used 35622K, committed 35968K, reserved 1114112K
  class space    used 3595K, committed 3776K, reserved 1048576K
}
Event: 10.619 GC heap after
{Heap after GC invocations=12 (full 0):
 garbage-first heap   total 307200K, used 20172K [0x0000000600c00000, 0x0000000800000000)
  region size 4096K, 1 young (4096K), 1 survivors (4096K)
 Metaspace       used 35622K, committed 35968K, reserved 1114112K
  class space    used 3595K, committed 3776K, reserved 1048576K
}
Event: 11.364 GC heap before
{Heap before GC invocations=13 (full 0):
 garbage-first heap   total 69632K, used 57036K [0x0000000600c00000, 0x0000000800000000)
  region size 4096K, 12 young (49152K), 1 survivors (4096K)
 Metaspace       used 37006K, committed 37376K, reserved 1114112K
  class space    used 3797K, committed 3968K, reserved 1048576K
}
Event: 11.428 GC heap after
{Heap after GC invocations=14 (full 1):
 garbage-first heap   total 69632K, used 22679K [0x0000000600c00000, 0x0000000800000000)
  region size 4096K, 0 young (0K), 0 survivors (0K)
 Metaspace       used 37006K, committed 37376K, reserved 1114112K
  class space    used 3797K, committed 3968K, reserved 1048576K
}
Event: 14.540 GC heap before
{Heap before GC invocations=14 (full 1):
 garbage-first heap   total 69632K, used 22679K [0x0000000600c00000, 0x0000000800000000)
  region size 4096K, 1 young (4096K), 0 survivors (0K)
 Metaspace       used 37138K, committed 37504K, reserved 1114112K
  class space    used 3802K, committed 3968K, reserved 1048576K
}
Event: 14.595 GC heap after
{Heap after GC invocations=15 (full 2):
 garbage-first heap   total 69632K, used 22668K [0x0000000600c00000, 0x0000000800000000)
  region size 4096K, 0 young (0K), 0 survivors (0K)
 Metaspace       used 37138K, committed 37504K, reserved 1114112K
  class space    used 3802K, committed 3968K, reserved 1048576K
}
Event: 14.633 GC heap before
{Heap before GC invocations=15 (full 2):
 garbage-first heap   total 69632K, used 22668K [0x0000000600c00000, 0x0000000800000000)
  region size 4096K, 1 young (4096K), 0 survivors (0K)
 Metaspace       used 37148K, committed 37504K, reserved 1114112K
  class space    used 3803K, committed 3968K, reserved 1048576K
}
Event: 14.686 GC heap after
{Heap after GC invocations=16 (full 3):
 garbage-first heap   total 69632K, used 22683K [0x0000000600c00000, 0x0000000800000000)
  region size 4096K, 0 young (0K), 0 survivors (0K)
 Metaspace       used 37148K, committed 37504K, reserved 1114112K
  class space    used 3803K, committed 3968K, reserved 1048576K
}
Event: 25.919 GC heap before
{Heap before GC invocations=16 (full 3):
 garbage-first heap   total 69632K, used 59547K [0x0000000600c00000, 0x0000000800000000)
  region size 4096K, 10 young (40960K), 0 survivors (0K)
 Metaspace       used 38506K, committed 38912K, reserved 1114112K
  class space    used 3896K, committed 4096K, reserved 1048576K
}
Event: 25.921 GC heap after
{Heap after GC invocations=17 (full 3):
 garbage-first heap   total 69632K, used 25419K [0x0000000600c00000, 0x0000000800000000)
  region size 4096K, 1 young (4096K), 1 survivors (4096K)
 Metaspace       used 38506K, committed 38912K, reserved 1114112K
  class space    used 3896K, committed 4096K, reserved 1048576K
}
Event: 45.369 GC heap before
{Heap before GC invocations=17 (full 3):
 garbage-first heap   total 69632K, used 58187K [0x0000000600c00000, 0x0000000800000000)
  region size 4096K, 9 young (36864K), 1 survivors (4096K)
 Metaspace       used 38601K, committed 38976K, reserved 1114112K
  class space    used 3896K, committed 4096K, reserved 1048576K
}
Event: 45.370 GC heap after
{Heap after GC invocations=18 (full 3):
 garbage-first heap   total 69632K, used 30289K [0x0000000600c00000, 0x0000000800000000)
  region size 4096K, 2 young (8192K), 2 survivors (8192K)
 Metaspace       used 38601K, committed 38976K, reserved 1114112K
  class space    used 3896K, committed 4096K, reserved 1048576K
}
Event: 49.193 GC heap before
{Heap before GC invocations=18 (full 3):
 garbage-first heap   total 69632K, used 34385K [0x0000000600c00000, 0x0000000800000000)
  region size 4096K, 4 young (16384K), 2 survivors (8192K)
 Metaspace       used 38614K, committed 38976K, reserved 1114112K
  class space    used 3896K, committed 4096K, reserved 1048576K
}
Event: 49.250 GC heap after
{Heap after GC invocations=19 (full 4):
 garbage-first heap   total 69632K, used 24000K [0x0000000600c00000, 0x0000000800000000)
  region size 4096K, 0 young (0K), 0 survivors (0K)
 Metaspace       used 38614K, committed 38976K, reserved 1114112K
  class space    used 3896K, committed 4096K, reserved 1048576K
}

