# JRE version: OpenJDK Runtime Environment Temurin-21.0.5+11 (21.0.5+11) (build 21.0.5+11-LTS)
# Java VM: OpenJDK 64-Bit Server VM Temurin-21.0.5+11 (21.0.5+11-LTS, mixed mode, sharing, tiered, compressed oops, compressed class ptrs, g1 gc, windows-amd64)
GC Precious Log:
 CardTable entry size: 512
 Card Set container configuration: InlinePtr #cards 4 size 8 Array Of Cards #cards 32 size 80 Howl #buckets 8 coarsen threshold 7372 Howl Bitmap #cards 1024 size 144 coarsen threshold 921 Card regions per heap region 1 cards per card region 8192
 CPUs: 12 total, 12 available
 Memory: 32719M
 Large Page Support: Disabled
 NUMA Support: Disabled
 Compressed Oops: Enabled (Zero based)
 Heap Region Size: 4M
 Heap Min Capacity: 8M
 Heap Initial Capacity: 512M
 Heap Max Capacity: 8180M
 Pre-touch: Disabled
 Parallel Workers: 10
 Concurrent Workers: 3
 Concurrent Refinement Workers: 10
 Periodic GC: Disabled
Heap:
 garbage-first heap   total 81920K, used 24094K [0x0000000600c00000, 0x0000000800000000)
  region size 4096K, 1 young (4096K), 0 survivors (0K)
 Metaspace       used 38736K, committed 39104K, reserved 1114112K
  class space    used 3911K, committed 4096K, reserved 1048576K
GC Heap History (20 events):
Event: 10.369 GC heap before
{Heap before GC invocations=7 (full 0):
 garbage-first heap   total 86016K, used 52485K [0x0000000600c00000, 0x0000000800000000)
  region size 4096K, 12 young (49152K), 4 survivors (16384K)
 Metaspace       used 30304K, committed 30720K, reserved 1114112K
  class space    used 3464K, committed 3648K, reserved 1048576K
}
Event: 10.381 GC heap after
{Heap after GC invocations=8 (full 0):
 garbage-first heap   total 86016K, used 20680K [0x0000000600c00000, 0x0000000800000000)
  region size 4096K, 2 young (8192K), 2 survivors (8192K)
 Metaspace       used 30304K, committed 30720K, reserved 1114112K
  class space    used 3464K, committed 3648K, reserved 1048576K
}
Event: 11.028 GC heap before
{Heap before GC invocations=8 (full 0):
 garbage-first heap   total 86016K, used 61640K [0x0000000600c00000, 0x0000000800000000)
  region size 4096K, 12 young (49152K), 2 survivors (8192K)
 Metaspace       used 35288K, committed 35648K, reserved 1114112K
  class space    used 3550K, committed 3712K, reserved 1048576K
}
Event: 11.030 GC heap after
{Heap after GC invocations=9 (full 0):
 garbage-first heap   total 86016K, used 19915K [0x0000000600c00000, 0x0000000800000000)
  region size 4096K, 1 young (4096K), 1 survivors (4096K)
 Metaspace       used 35288K, committed 35648K, reserved 1114112K
  class space    used 3550K, committed 3712K, reserved 1048576K
}
Event: 11.249 GC heap before
{Heap before GC invocations=9 (full 0):
 garbage-first heap   total 86016K, used 64971K [0x0000000600c00000, 0x0000000800000000)
  region size 4096K, 12 young (49152K), 1 survivors (4096K)
 Metaspace       used 35309K, committed 35648K, reserved 1114112K
  class space    used 3550K, committed 3712K, reserved 1048576K
}
Event: 11.252 GC heap after
{Heap after GC invocations=10 (full 0):
 garbage-first heap   total 86016K, used 19906K [0x0000000600c00000, 0x0000000800000000)
  region size 4096K, 1 young (4096K), 1 survivors (4096K)
 Metaspace       used 35309K, committed 35648K, reserved 1114112K
  class space    used 3550K, committed 3712K, reserved 1048576K
}
Event: 11.448 GC heap before
{Heap before GC invocations=10 (full 0):
 garbage-first heap   total 86016K, used 64962K [0x0000000600c00000, 0x0000000800000000)
  region size 4096K, 12 young (49152K), 1 survivors (4096K)
 Metaspace       used 35312K, committed 35648K, reserved 1114112K
  class space    used 3550K, committed 3712K, reserved 1048576K
}
Event: 11.451 GC heap after
{Heap after GC invocations=11 (full 0):
 garbage-first heap   total 86016K, used 19808K [0x0000000600c00000, 0x0000000800000000)
  region size 4096K, 1 young (4096K), 1 survivors (4096K)
 Metaspace       used 35312K, committed 35648K, reserved 1114112K
  class space    used 3550K, committed 3712K, reserved 1048576K
}
Event: 11.492 GC heap before
{Heap before GC invocations=11 (full 0):
 garbage-first heap   total 86016K, used 23904K [0x0000000600c00000, 0x0000000800000000)
  region size 4096K, 3 young (12288K), 1 survivors (4096K)
 Metaspace       used 35615K, committed 35968K, reserved 1114112K
  class space    used 3594K, committed 3776K, reserved 1048576K
}
Event: 11.495 GC heap after
{Heap after GC invocations=12 (full 0):
 garbage-first heap   total 307200K, used 20371K [0x0000000600c00000, 0x0000000800000000)
  region size 4096K, 2 young (8192K), 2 survivors (8192K)
 Metaspace       used 35615K, committed 35968K, reserved 1114112K
  class space    used 3594K, committed 3776K, reserved 1048576K
}
Event: 13.557 GC heap before
{Heap before GC invocations=13 (full 0):
 garbage-first heap   total 81920K, used 57235K [0x0000000600c00000, 0x0000000800000000)
  region size 4096K, 13 young (53248K), 2 survivors (8192K)
 Metaspace       used 37044K, committed 37440K, reserved 1114112K
  class space    used 3792K, committed 3968K, reserved 1048576K
}
Event: 13.593 GC heap after
{Heap after GC invocations=14 (full 1):
 garbage-first heap   total 81920K, used 22784K [0x0000000600c00000, 0x0000000800000000)
  region size 4096K, 0 young (0K), 0 survivors (0K)
 Metaspace       used 37044K, committed 37440K, reserved 1114112K
  class space    used 3792K, committed 3968K, reserved 1048576K
}
Event: 18.885 GC heap before
{Heap before GC invocations=14 (full 1):
 garbage-first heap   total 81920K, used 22784K [0x0000000600c00000, 0x0000000800000000)
  region size 4096K, 1 young (4096K), 0 survivors (0K)
 Metaspace       used 37216K, committed 37632K, reserved 1114112K
  class space    used 3797K, committed 4032K, reserved 1048576K
}
Event: 18.921 GC heap after
{Heap after GC invocations=15 (full 2):
 garbage-first heap   total 81920K, used 22882K [0x0000000600c00000, 0x0000000800000000)
  region size 4096K, 0 young (0K), 0 survivors (0K)
 Metaspace       used 37216K, committed 37632K, reserved 1114112K
  class space    used 3797K, committed 4032K, reserved 1048576K
}
Event: 18.960 GC heap before
{Heap before GC invocations=15 (full 2):
 garbage-first heap   total 81920K, used 22882K [0x0000000600c00000, 0x0000000800000000)
  region size 4096K, 1 young (4096K), 0 survivors (0K)
 Metaspace       used 37227K, committed 37632K, reserved 1114112K
  class space    used 3799K, committed 4032K, reserved 1048576K
}
Event: 18.991 GC heap after
{Heap after GC invocations=16 (full 3):
 garbage-first heap   total 81920K, used 22895K [0x0000000600c00000, 0x0000000800000000)
  region size 4096K, 0 young (0K), 0 survivors (0K)
 Metaspace       used 37227K, committed 37632K, reserved 1114112K
  class space    used 3799K, committed 4032K, reserved 1048576K
}
Event: 88.004 GC heap before
{Heap before GC invocations=16 (full 3):
 garbage-first heap   total 81920K, used 67951K [0x0000000600c00000, 0x0000000800000000)
  region size 4096K, 11 young (45056K), 0 survivors (0K)
 Metaspace       used 38626K, committed 39040K, reserved 1114112K
  class space    used 3897K, committed 4096K, reserved 1048576K
}
Event: 88.006 GC heap after
{Heap after GC invocations=17 (full 3):
 garbage-first heap   total 81920K, used 30697K [0x0000000600c00000, 0x0000000800000000)
  region size 4096K, 2 young (8192K), 2 survivors (8192K)
 Metaspace       used 38626K, committed 39040K, reserved 1114112K
  class space    used 3897K, committed 4096K, reserved 1048576K
}
Event: 101.084 GC heap before
{Heap before GC invocations=17 (full 3):
 garbage-first heap   total 81920K, used 38889K [0x0000000600c00000, 0x0000000800000000)
  region size 4096K, 5 young (20480K), 2 survivors (8192K)
 Metaspace       used 38734K, committed 39104K, reserved 1114112K
  class space    used 3911K, committed 4096K, reserved 1048576K
}
Event: 101.118 GC heap after
{Heap after GC invocations=18 (full 4):
 garbage-first heap   total 81920K, used 24094K [0x0000000600c00000, 0x0000000800000000)
  region size 4096K, 0 young (0K), 0 survivors (0K)
 Metaspace       used 38734K, committed 39104K, reserved 1114112K
  class space    used 3911K, committed 4096K, reserved 1048576K
}

