# JRE version: OpenJDK Runtime Environment Temurin-21.0.5+11 (21.0.5+11) (build 21.0.5+11-LTS)
# Java VM: OpenJDK 64-Bit Server VM Temurin-21.0.5+11 (21.0.5+11-LTS, mixed mode, sharing, tiered, compressed oops, compressed class ptrs, g1 gc, windows-amd64)
GC Precious Log:
 CardTable entry size: 512
 Card Set container configuration: InlinePtr #cards 4 size 8 Array Of Cards #cards 32 size 80 Howl #buckets 8 coarsen threshold 7372 Howl Bitmap #cards 1024 size 144 coarsen threshold 921 Card regions per heap region 1 cards per card region 8192
 CPUs: 12 total, 12 available
 Memory: 32719M
 Large Page Support: Disabled
 NUMA Support: Disabled
 Compressed Oops: Enabled (Zero based)
 Heap Region Size: 4M
 Heap Min Capacity: 8M
 Heap Initial Capacity: 512M
 Heap Max Capacity: 8180M
 Pre-touch: Disabled
 Parallel Workers: 10
 Concurrent Workers: 3
 Concurrent Refinement Workers: 10
 Periodic GC: Disabled
Heap:
 garbage-first heap   total 73728K, used 23925K [0x0000000600c00000, 0x0000000800000000)
  region size 4096K, 1 young (4096K), 0 survivors (0K)
 Metaspace       used 38554K, committed 38912K, reserved 1114112K
  class space    used 3881K, committed 4032K, reserved 1048576K
GC Heap History (20 events):
Event: 9.962 GC heap before
{Heap before GC invocations=9 (full 0):
 garbage-first heap   total 86016K, used 65192K [0x0000000600c00000, 0x0000000800000000)
  region size 4096K, 12 young (49152K), 1 survivors (4096K)
 Metaspace       used 35299K, committed 35712K, reserved 1114112K
  class space    used 3550K, committed 3712K, reserved 1048576K
}
Event: 9.964 GC heap after
{Heap after GC invocations=10 (full 0):
 garbage-first heap   total 86016K, used 20362K [0x0000000600c00000, 0x0000000800000000)
  region size 4096K, 2 young (8192K), 2 survivors (8192K)
 Metaspace       used 35299K, committed 35712K, reserved 1114112K
  class space    used 3550K, committed 3712K, reserved 1048576K
}
Event: 10.129 GC heap before
{Heap before GC invocations=10 (full 0):
 garbage-first heap   total 86016K, used 61322K [0x0000000600c00000, 0x0000000800000000)
  region size 4096K, 12 young (49152K), 2 survivors (8192K)
 Metaspace       used 35314K, committed 35712K, reserved 1114112K
  class space    used 3550K, committed 3712K, reserved 1048576K
}
Event: 10.133 GC heap after
{Heap after GC invocations=11 (full 0):
 garbage-first heap   total 86016K, used 19907K [0x0000000600c00000, 0x0000000800000000)
  region size 4096K, 1 young (4096K), 1 survivors (4096K)
 Metaspace       used 35314K, committed 35712K, reserved 1114112K
  class space    used 3550K, committed 3712K, reserved 1048576K
}
Event: 10.192 GC heap before
{Heap before GC invocations=11 (full 0):
 garbage-first heap   total 86016K, used 28099K [0x0000000600c00000, 0x0000000800000000)
  region size 4096K, 4 young (16384K), 1 survivors (4096K)
 Metaspace       used 35599K, committed 35968K, reserved 1114112K
  class space    used 3591K, committed 3776K, reserved 1048576K
}
Event: 10.195 GC heap after
{Heap after GC invocations=12 (full 0):
 garbage-first heap   total 307200K, used 20013K [0x0000000600c00000, 0x0000000800000000)
  region size 4096K, 1 young (4096K), 1 survivors (4096K)
 Metaspace       used 35599K, committed 35968K, reserved 1114112K
  class space    used 3591K, committed 3776K, reserved 1048576K
}
Event: 10.882 GC heap before
{Heap before GC invocations=13 (full 0):
 garbage-first heap   total 69632K, used 56877K [0x0000000600c00000, 0x0000000800000000)
  region size 4096K, 12 young (49152K), 1 survivors (4096K)
 Metaspace       used 36982K, committed 37376K, reserved 1114112K
  class space    used 3793K, committed 3968K, reserved 1048576K
}
Event: 10.941 GC heap after
{Heap after GC invocations=14 (full 1):
 garbage-first heap   total 69632K, used 22674K [0x0000000600c00000, 0x0000000800000000)
  region size 4096K, 0 young (0K), 0 survivors (0K)
 Metaspace       used 36982K, committed 37376K, reserved 1114112K
  class space    used 3793K, committed 3968K, reserved 1048576K
}
Event: 18.385 GC heap before
{Heap before GC invocations=14 (full 1):
 garbage-first heap   total 69632K, used 26770K [0x0000000600c00000, 0x0000000800000000)
  region size 4096K, 2 young (8192K), 0 survivors (0K)
 Metaspace       used 37241K, committed 37696K, reserved 1114112K
  class space    used 3798K, committed 4032K, reserved 1048576K
}
Event: 18.443 GC heap after
{Heap after GC invocations=15 (full 2):
 garbage-first heap   total 69632K, used 22791K [0x0000000600c00000, 0x0000000800000000)
  region size 4096K, 0 young (0K), 0 survivors (0K)
 Metaspace       used 37241K, committed 37696K, reserved 1114112K
  class space    used 3798K, committed 4032K, reserved 1048576K
}
Event: 18.483 GC heap before
{Heap before GC invocations=15 (full 2):
 garbage-first heap   total 69632K, used 22791K [0x0000000600c00000, 0x0000000800000000)
  region size 4096K, 1 young (4096K), 0 survivors (0K)
 Metaspace       used 37264K, committed 37696K, reserved 1114112K
  class space    used 3799K, committed 4032K, reserved 1048576K
}
Event: 18.543 GC heap after
{Heap after GC invocations=16 (full 3):
 garbage-first heap   total 69632K, used 22804K [0x0000000600c00000, 0x0000000800000000)
  region size 4096K, 0 young (0K), 0 survivors (0K)
 Metaspace       used 37264K, committed 37696K, reserved 1114112K
  class space    used 3799K, committed 4032K, reserved 1048576K
}
Event: 42.835 GC heap before
{Heap before GC invocations=16 (full 3):
 garbage-first heap   total 69632K, used 63764K [0x0000000600c00000, 0x0000000800000000)
  region size 4096K, 10 young (40960K), 0 survivors (0K)
 Metaspace       used 38491K, committed 38848K, reserved 1114112K
  class space    used 3880K, committed 4032K, reserved 1048576K
}
Event: 42.837 GC heap after
{Heap after GC invocations=17 (full 3):
 garbage-first heap   total 73728K, used 30410K [0x0000000600c00000, 0x0000000800000000)
  region size 4096K, 2 young (8192K), 2 survivors (8192K)
 Metaspace       used 38491K, committed 38848K, reserved 1114112K
  class space    used 3880K, committed 4032K, reserved 1048576K
}
Event: 50.900 GC heap before
{Heap before GC invocations=17 (full 3):
 garbage-first heap   total 73728K, used 59082K [0x0000000600c00000, 0x0000000800000000)
  region size 4096K, 9 young (36864K), 2 survivors (8192K)
 Metaspace       used 38494K, committed 38848K, reserved 1114112K
  class space    used 3880K, committed 4032K, reserved 1048576K
}
Event: 50.902 GC heap after
{Heap after GC invocations=18 (full 3):
 garbage-first heap   total 73728K, used 30410K [0x0000000600c00000, 0x0000000800000000)
  region size 4096K, 2 young (8192K), 2 survivors (8192K)
 Metaspace       used 38494K, committed 38848K, reserved 1114112K
  class space    used 3880K, committed 4032K, reserved 1048576K
}
Event: 77.318 GC heap before
{Heap before GC invocations=18 (full 3):
 garbage-first heap   total 73728K, used 59082K [0x0000000600c00000, 0x0000000800000000)
  region size 4096K, 9 young (36864K), 2 survivors (8192K)
 Metaspace       used 38547K, committed 38912K, reserved 1114112K
  class space    used 3881K, committed 4032K, reserved 1048576K
}
Event: 77.321 GC heap after
{Heap after GC invocations=19 (full 3):
 garbage-first heap   total 73728K, used 30840K [0x0000000600c00000, 0x0000000800000000)
  region size 4096K, 2 young (8192K), 2 survivors (8192K)
 Metaspace       used 38547K, committed 38912K, reserved 1114112K
  class space    used 3881K, committed 4032K, reserved 1048576K
}
Event: 90.815 GC heap before
{Heap before GC invocations=19 (full 3):
 garbage-first heap   total 73728K, used 55416K [0x0000000600c00000, 0x0000000800000000)
  region size 4096K, 9 young (36864K), 2 survivors (8192K)
 Metaspace       used 38554K, committed 38912K, reserved 1114112K
  class space    used 3881K, committed 4032K, reserved 1048576K
}
Event: 90.870 GC heap after
{Heap after GC invocations=20 (full 4):
 garbage-first heap   total 73728K, used 23925K [0x0000000600c00000, 0x0000000800000000)
  region size 4096K, 0 young (0K), 0 survivors (0K)
 Metaspace       used 38554K, committed 38912K, reserved 1114112K
  class space    used 3881K, committed 4032K, reserved 1048576K
}

