# JRE version: OpenJDK Runtime Environment Temurin-21.0.6+7 (21.0.6+7) (build 21.0.6+7-LTS)
# Java VM: OpenJDK 64-Bit Server VM Temurin-21.0.6+7 (21.0.6+7-LTS, mixed mode, sharing, tiered, compressed oops, compressed class ptrs, g1 gc, windows-amd64)
GC Precious Log:
 CardTable entry size: 512
 Card Set container configuration: InlinePtr #cards 4 size 8 Array Of Cards #cards 32 size 80 Howl #buckets 8 coarsen threshold 7372 Howl Bitmap #cards 1024 size 144 coarsen threshold 921 Card regions per heap region 1 cards per card region 8192
 CPUs: 12 total, 12 available
 Memory: 32719M
 Large Page Support: Disabled
 NUMA Support: Disabled
 Compressed Oops: Enabled (Zero based)
 Heap Region Size: 4M
 Heap Min Capacity: 8M
 Heap Initial Capacity: 512M
 Heap Max Capacity: 8180M
 Pre-touch: Disabled
 Parallel Workers: 10
 Concurrent Workers: 3
 Concurrent Refinement Workers: 10
 Periodic GC: Disabled
Heap:
 garbage-first heap   total 69632K, used 60879K [0x0000000600c00000, 0x0000000800000000)
  region size 4096K, 13 young (53248K), 1 survivors (4096K)
 Metaspace       used 37162K, committed 37568K, reserved 1114112K
  class space    used 3786K, committed 3968K, reserved 1048576K
GC Heap History (20 events):
Event: 1.083 GC heap before
{Heap before GC invocations=1 (full 0):
 garbage-first heap   total 524288K, used 28538K [0x0000000600c00000, 0x0000000800000000)
  region size 4096K, 7 young (28672K), 1 survivors (4096K)
 Metaspace       used 8885K, committed 9152K, reserved 1114112K
  class space    used 1035K, committed 1152K, reserved 1048576K
}
Event: 1.087 GC heap after
{Heap after GC invocations=2 (full 0):
 garbage-first heap   total 524288K, used 4970K [0x0000000600c00000, 0x0000000800000000)
  region size 4096K, 1 young (4096K), 1 survivors (4096K)
 Metaspace       used 8885K, committed 9152K, reserved 1114112K
  class space    used 1035K, committed 1152K, reserved 1048576K
}
Event: 2.172 GC heap before
{Heap before GC invocations=2 (full 0):
 garbage-first heap   total 524288K, used 74602K [0x0000000600c00000, 0x0000000800000000)
  region size 4096K, 18 young (73728K), 1 survivors (4096K)
 Metaspace       used 15941K, committed 16256K, reserved 1114112K
  class space    used 1854K, committed 1984K, reserved 1048576K
}
Event: 2.179 GC heap after
{Heap after GC invocations=3 (full 0):
 garbage-first heap   total 524288K, used 11709K [0x0000000600c00000, 0x0000000800000000)
  region size 4096K, 2 young (8192K), 2 survivors (8192K)
 Metaspace       used 15941K, committed 16256K, reserved 1114112K
  class space    used 1854K, committed 1984K, reserved 1048576K
}
Event: 2.980 GC heap before
{Heap before GC invocations=3 (full 0):
 garbage-first heap   total 524288K, used 187837K [0x0000000600c00000, 0x0000000800000000)
  region size 4096K, 45 young (184320K), 2 survivors (8192K)
 Metaspace       used 16606K, committed 16832K, reserved 1114112K
  class space    used 1857K, committed 1984K, reserved 1048576K
}
Event: 2.985 GC heap after
{Heap after GC invocations=4 (full 0):
 garbage-first heap   total 524288K, used 12143K [0x0000000600c00000, 0x0000000800000000)
  region size 4096K, 3 young (12288K), 3 survivors (12288K)
 Metaspace       used 16606K, committed 16832K, reserved 1114112K
  class space    used 1857K, committed 1984K, reserved 1048576K
}
Event: 3.640 GC heap before
{Heap before GC invocations=4 (full 0):
 garbage-first heap   total 524288K, used 44911K [0x0000000600c00000, 0x0000000800000000)
  region size 4096K, 12 young (49152K), 3 survivors (12288K)
 Metaspace       used 21172K, committed 21504K, reserved 1114112K
  class space    used 2389K, committed 2560K, reserved 1048576K
}
Event: 3.646 GC heap after
{Heap after GC invocations=5 (full 0):
 garbage-first heap   total 524288K, used 16622K [0x0000000600c00000, 0x0000000800000000)
  region size 4096K, 4 young (16384K), 4 survivors (16384K)
 Metaspace       used 21172K, committed 21504K, reserved 1114112K
  class space    used 2389K, committed 2560K, reserved 1048576K
}
Event: 15.522 GC heap before
{Heap before GC invocations=6 (full 0):
 garbage-first heap   total 69632K, used 65774K [0x0000000600c00000, 0x0000000800000000)
  region size 4096K, 16 young (65536K), 4 survivors (16384K)
 Metaspace       used 29388K, committed 29760K, reserved 1114112K
  class space    used 3325K, committed 3520K, reserved 1048576K
}
Event: 15.529 GC heap after
{Heap after GC invocations=7 (full 0):
 garbage-first heap   total 86016K, used 19809K [0x0000000600c00000, 0x0000000800000000)
  region size 4096K, 4 young (16384K), 4 survivors (16384K)
 Metaspace       used 29388K, committed 29760K, reserved 1114112K
  class space    used 3325K, committed 3520K, reserved 1048576K
}
Event: 15.799 GC heap before
{Heap before GC invocations=7 (full 0):
 garbage-first heap   total 86016K, used 52577K [0x0000000600c00000, 0x0000000800000000)
  region size 4096K, 12 young (49152K), 4 survivors (16384K)
 Metaspace       used 30440K, committed 30848K, reserved 1114112K
  class space    used 3464K, committed 3648K, reserved 1048576K
}
Event: 15.809 GC heap after
{Heap after GC invocations=8 (full 0):
 garbage-first heap   total 86016K, used 20832K [0x0000000600c00000, 0x0000000800000000)
  region size 4096K, 2 young (8192K), 2 survivors (8192K)
 Metaspace       used 30440K, committed 30848K, reserved 1114112K
  class space    used 3464K, committed 3648K, reserved 1048576K
}
Event: 16.337 GC heap before
{Heap before GC invocations=8 (full 0):
 garbage-first heap   total 86016K, used 61792K [0x0000000600c00000, 0x0000000800000000)
  region size 4096K, 12 young (49152K), 2 survivors (8192K)
 Metaspace       used 35428K, committed 35840K, reserved 1114112K
  class space    used 3550K, committed 3712K, reserved 1048576K
}
Event: 16.340 GC heap after
{Heap after GC invocations=9 (full 0):
 garbage-first heap   total 86016K, used 19944K [0x0000000600c00000, 0x0000000800000000)
  region size 4096K, 1 young (4096K), 1 survivors (4096K)
 Metaspace       used 35428K, committed 35840K, reserved 1114112K
  class space    used 3550K, committed 3712K, reserved 1048576K
}
Event: 16.520 GC heap before
{Heap before GC invocations=9 (full 0):
 garbage-first heap   total 86016K, used 65000K [0x0000000600c00000, 0x0000000800000000)
  region size 4096K, 12 young (49152K), 1 survivors (4096K)
 Metaspace       used 35428K, committed 35840K, reserved 1114112K
  class space    used 3550K, committed 3712K, reserved 1048576K
}
Event: 16.524 GC heap after
{Heap after GC invocations=10 (full 0):
 garbage-first heap   total 86016K, used 19852K [0x0000000600c00000, 0x0000000800000000)
  region size 4096K, 1 young (4096K), 1 survivors (4096K)
 Metaspace       used 35428K, committed 35840K, reserved 1114112K
  class space    used 3550K, committed 3712K, reserved 1048576K
}
Event: 16.701 GC heap before
{Heap before GC invocations=10 (full 0):
 garbage-first heap   total 86016K, used 64908K [0x0000000600c00000, 0x0000000800000000)
  region size 4096K, 12 young (49152K), 1 survivors (4096K)
 Metaspace       used 35429K, committed 35840K, reserved 1114112K
  class space    used 3550K, committed 3712K, reserved 1048576K
}
Event: 16.704 GC heap after
{Heap after GC invocations=11 (full 0):
 garbage-first heap   total 86016K, used 19667K [0x0000000600c00000, 0x0000000800000000)
  region size 4096K, 1 young (4096K), 1 survivors (4096K)
 Metaspace       used 35429K, committed 35840K, reserved 1114112K
  class space    used 3550K, committed 3712K, reserved 1048576K
}
Event: 16.739 GC heap before
{Heap before GC invocations=11 (full 0):
 garbage-first heap   total 86016K, used 27859K [0x0000000600c00000, 0x0000000800000000)
  region size 4096K, 4 young (16384K), 1 survivors (4096K)
 Metaspace       used 35559K, committed 35968K, reserved 1114112K
  class space    used 3564K, committed 3776K, reserved 1048576K
}
Event: 16.742 GC heap after
{Heap after GC invocations=12 (full 0):
 garbage-first heap   total 307200K, used 19919K [0x0000000600c00000, 0x0000000800000000)
  region size 4096K, 1 young (4096K), 1 survivors (4096K)
 Metaspace       used 35559K, committed 35968K, reserved 1114112K
  class space    used 3564K, committed 3776K, reserved 1048576K
}

