# JRE version: OpenJDK Runtime Environment Temurin-21.0.5+11 (21.0.5+11) (build 21.0.5+11-LTS)
# Java VM: OpenJDK 64-Bit Server VM Temurin-21.0.5+11 (21.0.5+11-LTS, mixed mode, sharing, tiered, compressed oops, compressed class ptrs, g1 gc, windows-amd64)
GC Precious Log:
 CardTable entry size: 512
 Card Set container configuration: InlinePtr #cards 4 size 8 Array Of Cards #cards 32 size 80 Howl #buckets 8 coarsen threshold 7372 Howl Bitmap #cards 1024 size 144 coarsen threshold 921 Card regions per heap region 1 cards per card region 8192
 CPUs: 12 total, 12 available
 Memory: 32719M
 Large Page Support: Disabled
 NUMA Support: Disabled
 Compressed Oops: Enabled (Zero based)
 Heap Region Size: 4M
 Heap Min Capacity: 8M
 Heap Initial Capacity: 512M
 Heap Max Capacity: 8180M
 Pre-touch: Disabled
 Parallel Workers: 10
 Concurrent Workers: 3
 Concurrent Refinement Workers: 10
 Periodic GC: Disabled
Heap:
 garbage-first heap   total 98304K, used 24008K [0x0000000600c00000, 0x0000000800000000)
  region size 4096K, 1 young (4096K), 0 survivors (0K)
 Metaspace       used 38479K, committed 38784K, reserved 1114112K
  class space    used 3896K, committed 4032K, reserved 1048576K
GC Heap History (20 events):
Event: 18.981 GC heap before
{Heap before GC invocations=8 (full 0):
 garbage-first heap   total 90112K, used 65578K [0x0000000600c00000, 0x0000000800000000)
  region size 4096K, 13 young (53248K), 2 survivors (8192K)
 Metaspace       used 35442K, committed 35776K, reserved 1114112K
  class space    used 3550K, committed 3712K, reserved 1048576K
}
Event: 18.984 GC heap after
{Heap after GC invocations=9 (full 0):
 garbage-first heap   total 90112K, used 19821K [0x0000000600c00000, 0x0000000800000000)
  region size 4096K, 1 young (4096K), 1 survivors (4096K)
 Metaspace       used 35442K, committed 35776K, reserved 1114112K
  class space    used 3550K, committed 3712K, reserved 1048576K
}
Event: 19.152 GC heap before
{Heap before GC invocations=9 (full 0):
 garbage-first heap   total 90112K, used 68973K [0x0000000600c00000, 0x0000000800000000)
  region size 4096K, 13 young (53248K), 1 survivors (4096K)
 Metaspace       used 35442K, committed 35776K, reserved 1114112K
  class space    used 3550K, committed 3712K, reserved 1048576K
}
Event: 19.155 GC heap after
{Heap after GC invocations=10 (full 0):
 garbage-first heap   total 90112K, used 19950K [0x0000000600c00000, 0x0000000800000000)
  region size 4096K, 1 young (4096K), 1 survivors (4096K)
 Metaspace       used 35442K, committed 35776K, reserved 1114112K
  class space    used 3550K, committed 3712K, reserved 1048576K
}
Event: 19.299 GC heap before
{Heap before GC invocations=10 (full 0):
 garbage-first heap   total 90112K, used 60910K [0x0000000600c00000, 0x0000000800000000)
  region size 4096K, 12 young (49152K), 1 survivors (4096K)
 Metaspace       used 35591K, committed 35968K, reserved 1114112K
  class space    used 3567K, committed 3776K, reserved 1048576K
}
Event: 19.301 GC heap after
{Heap after GC invocations=11 (full 0):
 garbage-first heap   total 90112K, used 19847K [0x0000000600c00000, 0x0000000800000000)
  region size 4096K, 1 young (4096K), 1 survivors (4096K)
 Metaspace       used 35591K, committed 35968K, reserved 1114112K
  class space    used 3567K, committed 3776K, reserved 1048576K
}
Event: 20.173 GC heap before
{Heap before GC invocations=12 (full 0):
 garbage-first heap   total 69632K, used 60807K [0x0000000600c00000, 0x0000000800000000)
  region size 4096K, 12 young (49152K), 1 survivors (4096K)
 Metaspace       used 37094K, committed 37440K, reserved 1114112K
  class space    used 3788K, committed 3968K, reserved 1048576K
}
Event: 20.228 GC heap after
{Heap after GC invocations=13 (full 1):
 garbage-first heap   total 69632K, used 22688K [0x0000000600c00000, 0x0000000800000000)
  region size 4096K, 0 young (0K), 0 survivors (0K)
 Metaspace       used 37094K, committed 37440K, reserved 1114112K
  class space    used 3788K, committed 3968K, reserved 1048576K
}
Event: 22.456 GC heap before
{Heap before GC invocations=13 (full 1):
 garbage-first heap   total 69632K, used 22688K [0x0000000600c00000, 0x0000000800000000)
  region size 4096K, 1 young (4096K), 0 survivors (0K)
 Metaspace       used 37191K, committed 37568K, reserved 1114112K
  class space    used 3793K, committed 3968K, reserved 1048576K
}
Event: 22.505 GC heap after
{Heap after GC invocations=14 (full 2):
 garbage-first heap   total 69632K, used 22648K [0x0000000600c00000, 0x0000000800000000)
  region size 4096K, 0 young (0K), 0 survivors (0K)
 Metaspace       used 37191K, committed 37568K, reserved 1114112K
  class space    used 3793K, committed 3968K, reserved 1048576K
}
Event: 22.536 GC heap before
{Heap before GC invocations=14 (full 2):
 garbage-first heap   total 69632K, used 22648K [0x0000000600c00000, 0x0000000800000000)
  region size 4096K, 1 young (4096K), 0 survivors (0K)
 Metaspace       used 37202K, committed 37568K, reserved 1114112K
  class space    used 3795K, committed 3968K, reserved 1048576K
}
Event: 22.586 GC heap after
{Heap after GC invocations=15 (full 3):
 garbage-first heap   total 69632K, used 22660K [0x0000000600c00000, 0x0000000800000000)
  region size 4096K, 0 young (0K), 0 survivors (0K)
 Metaspace       used 37202K, committed 37568K, reserved 1114112K
  class space    used 3795K, committed 3968K, reserved 1048576K
}
Event: 24.815 GC heap before
{Heap before GC invocations=15 (full 3):
 garbage-first heap   total 69632K, used 59524K [0x0000000600c00000, 0x0000000800000000)
  region size 4096K, 9 young (36864K), 0 survivors (0K)
 Metaspace       used 37778K, committed 38144K, reserved 1114112K
  class space    used 3831K, committed 4032K, reserved 1048576K
}
Event: 24.817 GC heap after
{Heap after GC invocations=16 (full 3):
 garbage-first heap   total 299008K, used 23255K [0x0000000600c00000, 0x0000000800000000)
  region size 4096K, 1 young (4096K), 1 survivors (4096K)
 Metaspace       used 37778K, committed 38144K, reserved 1114112K
  class space    used 3831K, committed 4032K, reserved 1048576K
}
Event: 30.063 GC heap before
{Heap before GC invocations=16 (full 3):
 garbage-first heap   total 299008K, used 56023K [0x0000000600c00000, 0x0000000800000000)
  region size 4096K, 11 young (45056K), 1 survivors (4096K)
 Metaspace       used 38460K, committed 38784K, reserved 1114112K
  class space    used 3896K, committed 4032K, reserved 1048576K
}
Event: 30.083 GC heap after
{Heap after GC invocations=17 (full 4):
 garbage-first heap   total 122880K, used 24032K [0x0000000600c00000, 0x0000000800000000)
  region size 4096K, 0 young (0K), 0 survivors (0K)
 Metaspace       used 38460K, committed 38784K, reserved 1114112K
  class space    used 3896K, committed 4032K, reserved 1048576K
}
Event: 30.084 GC heap before
{Heap before GC invocations=17 (full 4):
 garbage-first heap   total 122880K, used 24032K [0x0000000600c00000, 0x0000000800000000)
  region size 4096K, 1 young (4096K), 0 survivors (0K)
 Metaspace       used 38460K, committed 38784K, reserved 1114112K
  class space    used 3896K, committed 4032K, reserved 1048576K
}
Event: 30.115 GC heap after
{Heap after GC invocations=18 (full 5):
 garbage-first heap   total 98304K, used 24013K [0x0000000600c00000, 0x0000000800000000)
  region size 4096K, 0 young (0K), 0 survivors (0K)
 Metaspace       used 38460K, committed 38784K, reserved 1114112K
  class space    used 3896K, committed 4032K, reserved 1048576K
}
Event: 30.116 GC heap before
{Heap before GC invocations=18 (full 5):
 garbage-first heap   total 98304K, used 24013K [0x0000000600c00000, 0x0000000800000000)
  region size 4096K, 1 young (4096K), 0 survivors (0K)
 Metaspace       used 38460K, committed 38784K, reserved 1114112K
  class space    used 3896K, committed 4032K, reserved 1048576K
}
Event: 30.144 GC heap after
{Heap after GC invocations=19 (full 6):
 garbage-first heap   total 98304K, used 24008K [0x0000000600c00000, 0x0000000800000000)
  region size 4096K, 0 young (0K), 0 survivors (0K)
 Metaspace       used 38460K, committed 38784K, reserved 1114112K
  class space    used 3896K, committed 4032K, reserved 1048576K
}

