# JRE version: OpenJDK Runtime Environment Temurin-21.0.5+11 (21.0.5+11) (build 21.0.5+11-LTS)
# Java VM: OpenJDK 64-Bit Server VM Temurin-21.0.5+11 (21.0.5+11-LTS, mixed mode, sharing, tiered, compressed oops, compressed class ptrs, g1 gc, windows-amd64)
GC Precious Log:
 CardTable entry size: 512
 Card Set container configuration: InlinePtr #cards 4 size 8 Array Of Cards #cards 32 size 80 Howl #buckets 8 coarsen threshold 7372 Howl Bitmap #cards 1024 size 144 coarsen threshold 921 Card regions per heap region 1 cards per card region 8192
 CPUs: 12 total, 12 available
 Memory: 32719M
 Large Page Support: Disabled
 NUMA Support: Disabled
 Compressed Oops: Enabled (Zero based)
 Heap Region Size: 4M
 Heap Min Capacity: 8M
 Heap Initial Capacity: 512M
 Heap Max Capacity: 8180M
 Pre-touch: Disabled
 Parallel Workers: 10
 Concurrent Workers: 3
 Concurrent Refinement Workers: 10
 Periodic GC: Disabled
Heap:
 garbage-first heap   total 110592K, used 23688K [0x0000000600c00000, 0x0000000800000000)
  region size 4096K, 1 young (4096K), 0 survivors (0K)
 Metaspace       used 38715K, committed 39168K, reserved 1114112K
  class space    used 3906K, committed 4096K, reserved 1048576K
GC Heap History (20 events):
Event: 10.848 GC heap before
{Heap before GC invocations=8 (full 0):
 garbage-first heap   total 90112K, used 66185K [0x0000000600c00000, 0x0000000800000000)
  region size 4096K, 13 young (53248K), 2 survivors (8192K)
 Metaspace       used 35357K, committed 35776K, reserved 1114112K
  class space    used 3553K, committed 3712K, reserved 1048576K
}
Event: 10.850 GC heap after
{Heap after GC invocations=9 (full 0):
 garbage-first heap   total 90112K, used 20065K [0x0000000600c00000, 0x0000000800000000)
  region size 4096K, 1 young (4096K), 1 survivors (4096K)
 Metaspace       used 35357K, committed 35776K, reserved 1114112K
  class space    used 3553K, committed 3712K, reserved 1048576K
}
Event: 11.065 GC heap before
{Heap before GC invocations=9 (full 0):
 garbage-first heap   total 90112K, used 69217K [0x0000000600c00000, 0x0000000800000000)
  region size 4096K, 13 young (53248K), 1 survivors (4096K)
 Metaspace       used 35367K, committed 35776K, reserved 1114112K
  class space    used 3553K, committed 3712K, reserved 1048576K
}
Event: 11.068 GC heap after
{Heap after GC invocations=10 (full 0):
 garbage-first heap   total 90112K, used 19834K [0x0000000600c00000, 0x0000000800000000)
  region size 4096K, 1 young (4096K), 1 survivors (4096K)
 Metaspace       used 35367K, committed 35776K, reserved 1114112K
  class space    used 3553K, committed 3712K, reserved 1048576K
}
Event: 11.277 GC heap before
{Heap before GC invocations=10 (full 0):
 garbage-first heap   total 90112K, used 64890K [0x0000000600c00000, 0x0000000800000000)
  region size 4096K, 13 young (53248K), 1 survivors (4096K)
 Metaspace       used 35582K, committed 35968K, reserved 1114112K
  class space    used 3580K, committed 3776K, reserved 1048576K
}
Event: 11.280 GC heap after
{Heap after GC invocations=11 (full 0):
 garbage-first heap   total 90112K, used 19963K [0x0000000600c00000, 0x0000000800000000)
  region size 4096K, 1 young (4096K), 1 survivors (4096K)
 Metaspace       used 35582K, committed 35968K, reserved 1114112K
  class space    used 3580K, committed 3776K, reserved 1048576K
}
Event: 13.132 GC heap before
{Heap before GC invocations=12 (full 0):
 garbage-first heap   total 69632K, used 56827K [0x0000000600c00000, 0x0000000800000000)
  region size 4096K, 12 young (49152K), 1 survivors (4096K)
 Metaspace       used 37116K, committed 37504K, reserved 1114112K
  class space    used 3795K, committed 3968K, reserved 1048576K
}
Event: 13.200 GC heap after
{Heap after GC invocations=13 (full 1):
 garbage-first heap   total 69632K, used 22854K [0x0000000600c00000, 0x0000000800000000)
  region size 4096K, 0 young (0K), 0 survivors (0K)
 Metaspace       used 37116K, committed 37504K, reserved 1114112K
  class space    used 3795K, committed 3968K, reserved 1048576K
}
Event: 21.246 GC heap before
{Heap before GC invocations=13 (full 1):
 garbage-first heap   total 69632K, used 26950K [0x0000000600c00000, 0x0000000800000000)
  region size 4096K, 2 young (8192K), 0 survivors (0K)
 Metaspace       used 37221K, committed 37568K, reserved 1114112K
  class space    used 3800K, committed 3968K, reserved 1048576K
}
Event: 21.306 GC heap after
{Heap after GC invocations=14 (full 2):
 garbage-first heap   total 69632K, used 22919K [0x0000000600c00000, 0x0000000800000000)
  region size 4096K, 0 young (0K), 0 survivors (0K)
 Metaspace       used 37221K, committed 37568K, reserved 1114112K
  class space    used 3800K, committed 3968K, reserved 1048576K
}
Event: 21.347 GC heap before
{Heap before GC invocations=14 (full 2):
 garbage-first heap   total 69632K, used 22919K [0x0000000600c00000, 0x0000000800000000)
  region size 4096K, 1 young (4096K), 0 survivors (0K)
 Metaspace       used 37231K, committed 37568K, reserved 1114112K
  class space    used 3802K, committed 3968K, reserved 1048576K
}
Event: 21.408 GC heap after
{Heap after GC invocations=15 (full 3):
 garbage-first heap   total 69632K, used 22932K [0x0000000600c00000, 0x0000000800000000)
  region size 4096K, 0 young (0K), 0 survivors (0K)
 Metaspace       used 37231K, committed 37568K, reserved 1114112K
  class space    used 3802K, committed 3968K, reserved 1048576K
}
Event: 37.550 GC heap before
{Heap before GC invocations=15 (full 3):
 garbage-first heap   total 69632K, used 59796K [0x0000000600c00000, 0x0000000800000000)
  region size 4096K, 9 young (36864K), 0 survivors (0K)
 Metaspace       used 38520K, committed 38912K, reserved 1114112K
  class space    used 3890K, committed 4096K, reserved 1048576K
}
Event: 37.553 GC heap after
{Heap after GC invocations=16 (full 3):
 garbage-first heap   total 299008K, used 30538K [0x0000000600c00000, 0x0000000800000000)
  region size 4096K, 2 young (8192K), 2 survivors (8192K)
 Metaspace       used 38520K, committed 38912K, reserved 1114112K
  class space    used 3890K, committed 4096K, reserved 1048576K
}
Event: 47.713 GC heap before
{Heap before GC invocations=16 (full 3):
 garbage-first heap   total 299008K, used 198474K [0x0000000600c00000, 0x0000000800000000)
  region size 4096K, 43 young (176128K), 2 survivors (8192K)
 Metaspace       used 38559K, committed 38976K, reserved 1114112K
  class space    used 3891K, committed 4096K, reserved 1048576K
}
Event: 47.717 GC heap after
{Heap after GC invocations=17 (full 3):
 garbage-first heap   total 299008K, used 29079K [0x0000000600c00000, 0x0000000800000000)
  region size 4096K, 2 young (8192K), 2 survivors (8192K)
 Metaspace       used 38559K, committed 38976K, reserved 1114112K
  class space    used 3891K, committed 4096K, reserved 1048576K
}
Event: 127.403 GC heap before
{Heap before GC invocations=17 (full 3):
 garbage-first heap   total 299008K, used 197015K [0x0000000600c00000, 0x0000000800000000)
  region size 4096K, 43 young (176128K), 2 survivors (8192K)
 Metaspace       used 38710K, committed 39104K, reserved 1114112K
  class space    used 3906K, committed 4096K, reserved 1048576K
}
Event: 127.407 GC heap after
{Heap after GC invocations=18 (full 3):
 garbage-first heap   total 299008K, used 31245K [0x0000000600c00000, 0x0000000800000000)
  region size 4096K, 3 young (12288K), 3 survivors (12288K)
 Metaspace       used 38710K, committed 39104K, reserved 1114112K
  class space    used 3906K, committed 4096K, reserved 1048576K
}
Event: 184.956 GC heap before
{Heap before GC invocations=18 (full 3):
 garbage-first heap   total 299008K, used 35341K [0x0000000600c00000, 0x0000000800000000)
  region size 4096K, 5 young (20480K), 3 survivors (12288K)
 Metaspace       used 38715K, committed 39168K, reserved 1114112K
  class space    used 3906K, committed 4096K, reserved 1048576K
}
Event: 184.980 GC heap after
{Heap after GC invocations=19 (full 4):
 garbage-first heap   total 110592K, used 23688K [0x0000000600c00000, 0x0000000800000000)
  region size 4096K, 0 young (0K), 0 survivors (0K)
 Metaspace       used 38715K, committed 39168K, reserved 1114112K
  class space    used 3906K, committed 4096K, reserved 1048576K
}

