# JRE version: OpenJDK Runtime Environment Temurin-21.0.5+11 (21.0.5+11) (build 21.0.5+11-LTS)
# Java VM: OpenJDK 64-Bit Server VM Temurin-21.0.5+11 (21.0.5+11-LTS, mixed mode, sharing, tiered, compressed oops, compressed class ptrs, g1 gc, windows-amd64)
GC Precious Log:
 CardTable entry size: 512
 Card Set container configuration: InlinePtr #cards 4 size 8 Array Of Cards #cards 32 size 80 Howl #buckets 8 coarsen threshold 7372 Howl Bitmap #cards 1024 size 144 coarsen threshold 921 Card regions per heap region 1 cards per card region 8192
 CPUs: 12 total, 12 available
 Memory: 32719M
 Large Page Support: Disabled
 NUMA Support: Disabled
 Compressed Oops: Enabled (Zero based)
 Heap Region Size: 4M
 Heap Min Capacity: 8M
 Heap Initial Capacity: 512M
 Heap Max Capacity: 8180M
 Pre-touch: Disabled
 Parallel Workers: 10
 Concurrent Workers: 3
 Concurrent Refinement Workers: 10
 Periodic GC: Disabled
Heap:
 garbage-first heap   total 69632K, used 24729K [0x0000000600c00000, 0x0000000800000000)
  region size 4096K, 1 young (4096K), 0 survivors (0K)
 Metaspace       used 38297K, committed 38720K, reserved 1114112K
  class space    used 3886K, committed 4096K, reserved 1048576K
GC Heap History (20 events):
Event: 10.322 GC heap before
{Heap before GC invocations=6 (full 0):
 garbage-first heap   total 69632K, used 66296K [0x0000000600c00000, 0x0000000800000000)
  region size 4096K, 16 young (65536K), 4 survivors (16384K)
 Metaspace       used 29168K, committed 29568K, reserved 1114112K
  class space    used 3325K, committed 3520K, reserved 1048576K
}
Event: 10.331 GC heap after
{Heap after GC invocations=7 (full 0):
 garbage-first heap   total 86016K, used 20043K [0x0000000600c00000, 0x0000000800000000)
  region size 4096K, 4 young (16384K), 4 survivors (16384K)
 Metaspace       used 29168K, committed 29568K, reserved 1114112K
  class space    used 3325K, committed 3520K, reserved 1048576K
}
Event: 10.586 GC heap before
{Heap before GC invocations=7 (full 0):
 garbage-first heap   total 86016K, used 52811K [0x0000000600c00000, 0x0000000800000000)
  region size 4096K, 12 young (49152K), 4 survivors (16384K)
 Metaspace       used 30222K, committed 30592K, reserved 1114112K
  class space    used 3464K, committed 3648K, reserved 1048576K
}
Event: 10.597 GC heap after
{Heap after GC invocations=8 (full 0):
 garbage-first heap   total 86016K, used 20549K [0x0000000600c00000, 0x0000000800000000)
  region size 4096K, 2 young (8192K), 2 survivors (8192K)
 Metaspace       used 30222K, committed 30592K, reserved 1114112K
  class space    used 3464K, committed 3648K, reserved 1048576K
}
Event: 11.159 GC heap before
{Heap before GC invocations=8 (full 0):
 garbage-first heap   total 86016K, used 61509K [0x0000000600c00000, 0x0000000800000000)
  region size 4096K, 12 young (49152K), 2 survivors (8192K)
 Metaspace       used 35262K, committed 35648K, reserved 1114112K
  class space    used 3550K, committed 3712K, reserved 1048576K
}
Event: 11.162 GC heap after
{Heap after GC invocations=9 (full 0):
 garbage-first heap   total 86016K, used 19730K [0x0000000600c00000, 0x0000000800000000)
  region size 4096K, 1 young (4096K), 1 survivors (4096K)
 Metaspace       used 35262K, committed 35648K, reserved 1114112K
  class space    used 3550K, committed 3712K, reserved 1048576K
}
Event: 11.359 GC heap before
{Heap before GC invocations=9 (full 0):
 garbage-first heap   total 86016K, used 64786K [0x0000000600c00000, 0x0000000800000000)
  region size 4096K, 12 young (49152K), 1 survivors (4096K)
 Metaspace       used 35276K, committed 35648K, reserved 1114112K
  class space    used 3550K, committed 3712K, reserved 1048576K
}
Event: 11.362 GC heap after
{Heap after GC invocations=10 (full 0):
 garbage-first heap   total 86016K, used 19673K [0x0000000600c00000, 0x0000000800000000)
  region size 4096K, 1 young (4096K), 1 survivors (4096K)
 Metaspace       used 35276K, committed 35648K, reserved 1114112K
  class space    used 3550K, committed 3712K, reserved 1048576K
}
Event: 11.520 GC heap before
{Heap before GC invocations=10 (full 0):
 garbage-first heap   total 86016K, used 64729K [0x0000000600c00000, 0x0000000800000000)
  region size 4096K, 12 young (49152K), 1 survivors (4096K)
 Metaspace       used 35282K, committed 35648K, reserved 1114112K
  class space    used 3550K, committed 3712K, reserved 1048576K
}
Event: 11.523 GC heap after
{Heap after GC invocations=11 (full 0):
 garbage-first heap   total 86016K, used 19632K [0x0000000600c00000, 0x0000000800000000)
  region size 4096K, 1 young (4096K), 1 survivors (4096K)
 Metaspace       used 35282K, committed 35648K, reserved 1114112K
  class space    used 3550K, committed 3712K, reserved 1048576K
}
Event: 11.569 GC heap before
{Heap before GC invocations=11 (full 0):
 garbage-first heap   total 86016K, used 27824K [0x0000000600c00000, 0x0000000800000000)
  region size 4096K, 4 young (16384K), 1 survivors (4096K)
 Metaspace       used 35639K, committed 35968K, reserved 1114112K
  class space    used 3599K, committed 3776K, reserved 1048576K
}
Event: 11.572 GC heap after
{Heap after GC invocations=12 (full 0):
 garbage-first heap   total 307200K, used 19748K [0x0000000600c00000, 0x0000000800000000)
  region size 4096K, 1 young (4096K), 1 survivors (4096K)
 Metaspace       used 35639K, committed 35968K, reserved 1114112K
  class space    used 3599K, committed 3776K, reserved 1048576K
}
Event: 13.449 GC heap before
{Heap before GC invocations=13 (full 0):
 garbage-first heap   total 69632K, used 56612K [0x0000000600c00000, 0x0000000800000000)
  region size 4096K, 12 young (49152K), 1 survivors (4096K)
 Metaspace       used 37038K, committed 37440K, reserved 1114112K
  class space    used 3792K, committed 3968K, reserved 1048576K
}
Event: 13.515 GC heap after
{Heap after GC invocations=14 (full 1):
 garbage-first heap   total 69632K, used 22780K [0x0000000600c00000, 0x0000000800000000)
  region size 4096K, 0 young (0K), 0 survivors (0K)
 Metaspace       used 37038K, committed 37440K, reserved 1114112K
  class space    used 3792K, committed 3968K, reserved 1048576K
}
Event: 15.860 GC heap before
{Heap before GC invocations=14 (full 1):
 garbage-first heap   total 69632K, used 22780K [0x0000000600c00000, 0x0000000800000000)
  region size 4096K, 1 young (4096K), 0 survivors (0K)
 Metaspace       used 37160K, committed 37568K, reserved 1114112K
  class space    used 3797K, committed 4032K, reserved 1048576K
}
Event: 15.913 GC heap after
{Heap after GC invocations=15 (full 2):
 garbage-first heap   total 69632K, used 22734K [0x0000000600c00000, 0x0000000800000000)
  region size 4096K, 0 young (0K), 0 survivors (0K)
 Metaspace       used 37160K, committed 37568K, reserved 1114112K
  class space    used 3797K, committed 4032K, reserved 1048576K
}
Event: 15.975 GC heap before
{Heap before GC invocations=15 (full 2):
 garbage-first heap   total 69632K, used 22734K [0x0000000600c00000, 0x0000000800000000)
  region size 4096K, 1 young (4096K), 0 survivors (0K)
 Metaspace       used 37222K, committed 37632K, reserved 1114112K
  class space    used 3800K, committed 4032K, reserved 1048576K
}
Event: 16.031 GC heap after
{Heap after GC invocations=16 (full 3):
 garbage-first heap   total 69632K, used 22748K [0x0000000600c00000, 0x0000000800000000)
  region size 4096K, 0 young (0K), 0 survivors (0K)
 Metaspace       used 37222K, committed 37632K, reserved 1114112K
  class space    used 3800K, committed 4032K, reserved 1048576K
}
Event: 35.181 GC heap before
{Heap before GC invocations=16 (full 3):
 garbage-first heap   total 69632K, used 55516K [0x0000000600c00000, 0x0000000800000000)
  region size 4096K, 9 young (36864K), 0 survivors (0K)
 Metaspace       used 38296K, committed 38720K, reserved 1114112K
  class space    used 3886K, committed 4096K, reserved 1048576K
}
Event: 35.236 GC heap after
{Heap after GC invocations=17 (full 4):
 garbage-first heap   total 69632K, used 24729K [0x0000000600c00000, 0x0000000800000000)
  region size 4096K, 0 young (0K), 0 survivors (0K)
 Metaspace       used 38296K, committed 38720K, reserved 1114112K
  class space    used 3886K, committed 4096K, reserved 1048576K
}

